<?xml version="1.0" encoding="UTF-8"?>
<testng-results skipped="0" failed="0" total="1" passed="1">
  <reporter-output>
  </reporter-output>
  <suite name="Default suite" duration-ms="7909" started-at="2020-12-08T01:58:07Z" finished-at="2020-12-08T01:58:15Z">
    <groups>
    </groups>
    <test name="Default test" duration-ms="7909" started-at="2020-12-08T01:58:07Z" finished-at="2020-12-08T01:58:15Z">
      <class name="rest.ResponseParsing">
        <test-method status="PASS" signature="responseParsing()[pri:0, instance:rest.ResponseParsing@6fadae5d]" name="responseParsing" duration-ms="7852" started-at="2020-12-08T07:28:07Z" finished-at="2020-12-08T07:28:15Z">
          <reporter-output>
          </reporter-output>
        </test-method> <!-- responseParsing -->
      </class> <!-- rest.ResponseParsing -->
    </test> <!-- Default test -->
  </suite> <!-- Default suite -->
</testng-results>
