<?xml version="1.0" encoding="UTF-8"?>
<testng-results skipped="0" failed="0" total="1" passed="1">
  <reporter-output>
  </reporter-output>
  <suite name="Default suite" duration-ms="6184" started-at="2020-12-08T05:06:56Z" finished-at="2020-12-08T05:07:02Z">
    <groups>
    </groups>
    <test name="Default test" duration-ms="6184" started-at="2020-12-08T05:06:56Z" finished-at="2020-12-08T05:07:02Z">
      <class name="rest.ResponseStatusCod">
        <test-method status="PASS" signature="responseStautsCode()[pri:0, instance:rest.ResponseStatusCod@6fadae5d]" name="responseStautsCode" duration-ms="6042" started-at="2020-12-08T10:36:56Z" finished-at="2020-12-08T10:37:02Z">
          <reporter-output>
          </reporter-output>
        </test-method> <!-- responseStautsCode -->
      </class> <!-- rest.ResponseStatusCod -->
    </test> <!-- Default test -->
  </suite> <!-- Default suite -->
</testng-results>
