<?xml version="1.0" encoding="UTF-8"?>
<!-- Generated by org.testng.reporters.JUnitXMLReporter -->
<testsuite hostname="DESKTOP-NTHCL5O" name="Default test" tests="4" failures="0" timestamp="9 Dec 2020 04:34:22 GMT" time="7.574" errors="0">
  <testcase name="api_for_foreign_exchange" time="1.203" classname="step.StepDefi"/>
  <testcase name="posted_with_correct_information" time="5.218" classname="step.StepDefi"/>
  <testcase name="posted_with_correct_information" time="1.063" classname="step.StepDefi"/>
  <testcase name="validate_positive_response_code_recieved" time="0.043" classname="step.StepDefi"/>
</testsuite> <!-- Default test -->
