<?xml version="1.0" encoding="UTF-8"?>
<testng-results skipped="0" failed="0" total="1" passed="1">
  <reporter-output>
  </reporter-output>
  <suite name="Default suite" duration-ms="6570" started-at="2020-12-07T07:24:56Z" finished-at="2020-12-07T07:25:03Z">
    <groups>
    </groups>
    <test name="Default test" duration-ms="6570" started-at="2020-12-07T07:24:56Z" finished-at="2020-12-07T07:25:03Z">
      <class name="rest.ResponseCode">
        <test-method status="PASS" signature="responseCode()[pri:0, instance:rest.ResponseCode@6fadae5d]" name="responseCode" duration-ms="6508" started-at="2020-12-07T12:54:56Z" finished-at="2020-12-07T12:55:03Z">
          <reporter-output>
          </reporter-output>
        </test-method> <!-- responseCode -->
      </class> <!-- rest.ResponseCode -->
    </test> <!-- Default test -->
  </suite> <!-- Default suite -->
</testng-results>
