<?xml version="1.0" encoding="UTF-8"?>
<testng-results skipped="0" failed="0" total="1" passed="1">
  <reporter-output>
  </reporter-output>
  <suite name="Default suite" duration-ms="8397" started-at="2020-12-08T12:04:17Z" finished-at="2020-12-08T12:04:25Z">
    <groups>
    </groups>
    <test name="Default test" duration-ms="8397" started-at="2020-12-08T12:04:17Z" finished-at="2020-12-08T12:04:25Z">
      <class name="rest.ResponseStatusCodNegative">
        <test-method status="PASS" signature="responseStautsCode()[pri:0, instance:rest.ResponseStatusCodNegative@6fadae5d]" name="responseStautsCode" duration-ms="8308" started-at="2020-12-08T17:34:17Z" finished-at="2020-12-08T17:34:25Z">
          <reporter-output>
          </reporter-output>
        </test-method> <!-- responseStautsCode -->
      </class> <!-- rest.ResponseStatusCodNegative -->
    </test> <!-- Default test -->
  </suite> <!-- Default suite -->
</testng-results>
