<?xml version="1.0" encoding="UTF-8"?>
<testng-results skipped="0" failed="0" total="1" passed="1">
  <reporter-output>
  </reporter-output>
  <suite name="Default suite" duration-ms="6135" started-at="2020-12-08T12:26:45Z" finished-at="2020-12-08T12:26:51Z">
    <groups>
    </groups>
    <test name="Default test" duration-ms="6135" started-at="2020-12-08T12:26:45Z" finished-at="2020-12-08T12:26:51Z">
      <class name="rest.ResponseStatusCodeNeg">
        <test-method status="PASS" signature="responseStautsCode()[pri:0, instance:rest.ResponseStatusCodeNeg@6fadae5d]" name="responseStautsCode" duration-ms="6086" started-at="2020-12-08T17:56:45Z" finished-at="2020-12-08T17:56:51Z">
          <reporter-output>
          </reporter-output>
        </test-method> <!-- responseStautsCode -->
      </class> <!-- rest.ResponseStatusCodeNeg -->
    </test> <!-- Default test -->
  </suite> <!-- Default suite -->
</testng-results>
